2025-07-12T13:40:37.749+05:30  INFO 34588 --- [main] com.ai_multilang.Main                    : Starting Main using Java 21.0.7 with PID 34588 (/home/kk/Documents/ai-multilang-chat-speech/backend/target/classes started by kk in /home/kk/Documents/ai-multilang-chat-speech)
2025-07-12T13:40:37.755+05:30  INFO 34588 --- [main] com.ai_multilang.Main                    : No active profile set, falling back to 1 default profile: "default"
2025-07-12T13:40:42.018+05:30  INFO 34588 --- [main] o.s.b.w.embedded.tomcat.TomcatWebServer  : Tomcat initialized with port 8080 (http)
2025-07-12T13:40:42.054+05:30  INFO 34588 --- [main] o.apache.catalina.core.StandardService   : Starting service [Tomcat]
2025-07-12T13:40:42.055+05:30  INFO 34588 --- [main] o.apache.catalina.core.StandardEngine    : Starting Servlet engine: [Apache Tomcat/10.1.31]
2025-07-12T13:40:42.208+05:30  INFO 34588 --- [main] o.a.c.c.C.[Tomcat].[localhost].[/]       : Initializing Spring embedded WebApplicationContext
2025-07-12T13:40:42.209+05:30  INFO 34588 --- [main] w.s.c.ServletWebServerApplicationContext : Root WebApplicationContext: initialization completed in 4142 ms
2025-07-12T13:40:43.292+05:30 DEBUG 34588 --- [main] s.w.s.m.m.a.RequestMappingHandlerMapping : 3 mappings in 'requestMappingHandlerMapping'
2025-07-12T13:40:43.558+05:30 DEBUG 34588 --- [main] o.s.w.s.handler.SimpleUrlHandlerMapping  : Patterns [/webjars/**, /**] in 'resourceHandlerMapping'
2025-07-12T13:40:43.666+05:30 DEBUG 34588 --- [main] s.w.s.m.m.a.RequestMappingHandlerAdapter : ControllerAdvice beans: 0 @ModelAttribute, 0 @InitBinder, 1 RequestBodyAdvice, 1 ResponseBodyAdvice
2025-07-12T13:40:43.933+05:30 DEBUG 34588 --- [main] .m.m.a.ExceptionHandlerExceptionResolver : ControllerAdvice beans: 0 @ExceptionHandler, 1 ResponseBodyAdvice
2025-07-12T13:40:44.643+05:30  INFO 34588 --- [main] o.s.b.w.embedded.tomcat.TomcatWebServer  : Tomcat started on port 8080 (http) with context path '/'
2025-07-12T13:40:44.810+05:30  INFO 34588 --- [main] com.ai_multilang.Main                    : Started Main in 9.347 seconds (process running for 13.521)
2025-07-12T13:40:51.025+05:30  INFO 34588 --- [http-nio-8080-exec-2] o.a.c.c.C.[Tomcat].[localhost].[/]       : Initializing Spring DispatcherServlet 'dispatcherServlet'
2025-07-12T13:40:51.026+05:30  INFO 34588 --- [http-nio-8080-exec-2] o.s.web.servlet.DispatcherServlet        : Initializing Servlet 'dispatcherServlet'
2025-07-12T13:40:51.026+05:30 DEBUG 34588 --- [http-nio-8080-exec-2] o.s.web.servlet.DispatcherServlet        : Detected StandardServletMultipartResolver
2025-07-12T13:40:51.027+05:30 DEBUG 34588 --- [http-nio-8080-exec-2] o.s.web.servlet.DispatcherServlet        : Detected AcceptHeaderLocaleResolver
2025-07-12T13:40:51.028+05:30 DEBUG 34588 --- [http-nio-8080-exec-2] o.s.web.servlet.DispatcherServlet        : Detected FixedThemeResolver
2025-07-12T13:40:51.029+05:30 DEBUG 34588 --- [http-nio-8080-exec-2] o.s.web.servlet.DispatcherServlet        : Detected org.springframework.web.servlet.view.DefaultRequestToViewNameTranslator@21be0de5
2025-07-12T13:40:51.030+05:30 DEBUG 34588 --- [http-nio-8080-exec-2] o.s.web.servlet.DispatcherServlet        : Detected org.springframework.web.servlet.support.SessionFlashMapManager@42dc617e
2025-07-12T13:40:51.032+05:30 DEBUG 34588 --- [http-nio-8080-exec-2] o.s.web.servlet.DispatcherServlet        : enableLoggingRequestDetails='false': request parameters and headers will be masked to prevent unsafe logging of potentially sensitive data
2025-07-12T13:40:51.032+05:30  INFO 34588 --- [http-nio-8080-exec-2] o.s.web.servlet.DispatcherServlet        : Completed initialization in 6 ms
2025-07-12T13:40:51.069+05:30 DEBUG 34588 --- [http-nio-8080-exec-2] o.s.web.servlet.DispatcherServlet        : POST "/v1/chat", parameters={}
2025-07-12T13:40:51.125+05:30 DEBUG 34588 --- [http-nio-8080-exec-2] s.w.s.m.m.a.RequestMappingHandlerMapping : Mapped to com.ai_multilang.controller.ChatController#chat(ChatRequest)
2025-07-12T13:40:51.494+05:30 DEBUG 34588 --- [http-nio-8080-exec-2] m.m.a.RequestResponseBodyMethodProcessor : Read "application/json;charset=UTF-8" to [com.ai_multilang.model.ChatRequest@3a7b0c17]
2025-07-12T13:40:51.589+05:30 DEBUG 34588 --- [http-nio-8080-exec-2] o.s.web.client.RestTemplate              : HTTP POST http://localhost:11434/api/generate
2025-07-12T13:40:51.607+05:30 DEBUG 34588 --- [http-nio-8080-exec-2] o.s.web.client.RestTemplate              : Accept=[text/plain, application/json, application/*+json, */*]
2025-07-12T13:40:51.610+05:30 DEBUG 34588 --- [http-nio-8080-exec-2] o.s.web.client.RestTemplate              : Writing [{
  "model": "gemma:2b",
  "prompt": "how are you today?"
}
] as "application/json"
2025-07-12T13:41:33.624+05:30 DEBUG 34588 --- [http-nio-8080-exec-2] o.s.web.client.RestTemplate              : Response 200 OK
2025-07-12T13:41:33.825+05:30 DEBUG 34588 --- [http-nio-8080-exec-2] o.s.web.client.RestTemplate              : Reading to [java.lang.String] as "application/x-ndjson"
2025-07-12T13:42:23.256+05:30 DEBUG 34588 --- [http-nio-8080-exec-2] o.s.w.s.m.m.a.HttpEntityMethodProcessor  : Using 'application/json', given [*/*] and supported [application/json, application/*+json]
2025-07-12T13:42:23.270+05:30 DEBUG 34588 --- [http-nio-8080-exec-2] o.s.w.s.m.m.a.HttpEntityMethodProcessor  : Writing [com.ai_multilang.model.ChatResponse@73abfd40]
2025-07-12T13:42:23.364+05:30 DEBUG 34588 --- [http-nio-8080-exec-2] o.s.web.servlet.DispatcherServlet        : Completed 200 OK
